# JRE version: OpenJDK Runtime Environment Temurin-17.0.18+8 (17.0.18+8) (build 17.0.18+8)
# Java VM: OpenJDK 64-Bit Server VM Temurin-17.0.18+8 (17.0.18+8, mixed mode, sharing, tiered, compressed oops, compressed class ptrs, g1 gc, windows-amd64)
GC Precious Log:
 CPUs: 8 total, 8 available
 Memory: 8068M
 Large Page Support: Disabled
 NUMA Support: Disabled
 Compressed Oops: Enabled (32-bit)
 Heap Region Size: 1M
 Heap Min Capacity: 8M
 Heap Initial Capacity: 128M
 Heap Max Capacity: 512M
 Pre-touch: Disabled
 Parallel Workers: 8
 Concurrent Workers: 2
 Concurrent Refinement Workers: 8
 Periodic GC: Disabled
Heap:
 garbage-first heap   total 87040K, used 47683K [0x00000000e0000000, 0x0000000100000000)
  region size 1024K, 5 young (5120K), 4 survivors (4096K)
 Metaspace       used 105826K, committed 106496K, reserved 1179648K
  class space    used 12992K, committed 13312K, reserved 1048576K
GC Heap History (20 events):
Event: 53.021 GC heap before
{Heap before GC invocations=80 (full 0):
 garbage-first heap   total 87040K, used 74352K [0x00000000e0000000, 0x0000000100000000)
  region size 1024K, 34 young (34816K), 3 survivors (3072K)
 Metaspace       used 91402K, committed 92032K, reserved 1179648K
  class space    used 11122K, committed 11456K, reserved 1048576K
}
Event: 53.025 GC heap after
{Heap after GC invocations=81 (full 0):
 garbage-first heap   total 87040K, used 43453K [0x00000000e0000000, 0x0000000100000000)
  region size 1024K, 4 young (4096K), 4 survivors (4096K)
 Metaspace       used 91402K, committed 92032K, reserved 1179648K
  class space    used 11122K, committed 11456K, reserved 1048576K
}
Event: 53.259 GC heap before
{Heap before GC invocations=81 (full 0):
 garbage-first heap   total 87040K, used 73149K [0x00000000e0000000, 0x0000000100000000)
  region size 1024K, 33 young (33792K), 4 survivors (4096K)
 Metaspace       used 92809K, committed 93440K, reserved 1179648K
  class space    used 11275K, committed 11584K, reserved 1048576K
}
Event: 53.263 GC heap after
{Heap after GC invocations=82 (full 0):
 garbage-first heap   total 87040K, used 43513K [0x00000000e0000000, 0x0000000100000000)
  region size 1024K, 3 young (3072K), 3 survivors (3072K)
 Metaspace       used 92809K, committed 93440K, reserved 1179648K
  class space    used 11275K, committed 11584K, reserved 1048576K
}
Event: 53.513 GC heap before
{Heap before GC invocations=83 (full 0):
 garbage-first heap   total 87040K, used 73209K [0x00000000e0000000, 0x0000000100000000)
  region size 1024K, 33 young (33792K), 3 survivors (3072K)
 Metaspace       used 94163K, committed 94848K, reserved 1179648K
  class space    used 11442K, committed 11776K, reserved 1048576K
}
Event: 53.517 GC heap after
{Heap after GC invocations=84 (full 0):
 garbage-first heap   total 87040K, used 43839K [0x00000000e0000000, 0x0000000100000000)
  region size 1024K, 3 young (3072K), 3 survivors (3072K)
 Metaspace       used 94163K, committed 94848K, reserved 1179648K
  class space    used 11442K, committed 11776K, reserved 1048576K
}
Event: 53.825 GC heap before
{Heap before GC invocations=84 (full 0):
 garbage-first heap   total 87040K, used 73535K [0x00000000e0000000, 0x0000000100000000)
  region size 1024K, 33 young (33792K), 3 survivors (3072K)
 Metaspace       used 96195K, committed 96832K, reserved 1179648K
  class space    used 11783K, committed 12096K, reserved 1048576K
}
Event: 53.829 GC heap after
{Heap after GC invocations=85 (full 0):
 garbage-first heap   total 87040K, used 44354K [0x00000000e0000000, 0x0000000100000000)
  region size 1024K, 3 young (3072K), 3 survivors (3072K)
 Metaspace       used 96195K, committed 96832K, reserved 1179648K
  class space    used 11783K, committed 12096K, reserved 1048576K
}
Event: 54.231 GC heap before
{Heap before GC invocations=86 (full 0):
 garbage-first heap   total 87040K, used 74050K [0x00000000e0000000, 0x0000000100000000)
  region size 1024K, 32 young (32768K), 3 survivors (3072K)
 Metaspace       used 97595K, committed 98240K, reserved 1179648K
  class space    used 11957K, committed 12288K, reserved 1048576K
}
Event: 54.234 GC heap after
{Heap after GC invocations=87 (full 0):
 garbage-first heap   total 87040K, used 44712K [0x00000000e0000000, 0x0000000100000000)
  region size 1024K, 3 young (3072K), 3 survivors (3072K)
 Metaspace       used 97595K, committed 98240K, reserved 1179648K
  class space    used 11957K, committed 12288K, reserved 1048576K
}
Event: 54.508 GC heap before
{Heap before GC invocations=87 (full 0):
 garbage-first heap   total 87040K, used 72360K [0x00000000e0000000, 0x0000000100000000)
  region size 1024K, 31 young (31744K), 3 survivors (3072K)
 Metaspace       used 98981K, committed 99648K, reserved 1179648K
  class space    used 12129K, committed 12480K, reserved 1048576K
}
Event: 54.511 GC heap after
{Heap after GC invocations=88 (full 0):
 garbage-first heap   total 87040K, used 44425K [0x00000000e0000000, 0x0000000100000000)
  region size 1024K, 2 young (2048K), 2 survivors (2048K)
 Metaspace       used 98981K, committed 99648K, reserved 1179648K
  class space    used 12129K, committed 12480K, reserved 1048576K
}
Event: 54.854 GC heap before
{Heap before GC invocations=89 (full 0):
 garbage-first heap   total 87040K, used 74121K [0x00000000e0000000, 0x0000000100000000)
  region size 1024K, 31 young (31744K), 2 survivors (2048K)
 Metaspace       used 100478K, committed 101120K, reserved 1179648K
  class space    used 12359K, committed 12672K, reserved 1048576K
}
Event: 54.857 GC heap after
{Heap after GC invocations=90 (full 0):
 garbage-first heap   total 87040K, used 44798K [0x00000000e0000000, 0x0000000100000000)
  region size 1024K, 2 young (2048K), 2 survivors (2048K)
 Metaspace       used 100478K, committed 101120K, reserved 1179648K
  class space    used 12359K, committed 12672K, reserved 1048576K
}
Event: 55.324 GC heap before
{Heap before GC invocations=90 (full 0):
 garbage-first heap   total 87040K, used 74494K [0x00000000e0000000, 0x0000000100000000)
  region size 1024K, 31 young (31744K), 2 survivors (2048K)
 Metaspace       used 102010K, committed 102720K, reserved 1179648K
  class space    used 12523K, committed 12864K, reserved 1048576K
}
Event: 55.328 GC heap after
{Heap after GC invocations=91 (full 0):
 garbage-first heap   total 87040K, used 44979K [0x00000000e0000000, 0x0000000100000000)
  region size 1024K, 2 young (2048K), 2 survivors (2048K)
 Metaspace       used 102010K, committed 102720K, reserved 1179648K
  class space    used 12523K, committed 12864K, reserved 1048576K
}
Event: 55.813 GC heap before
{Heap before GC invocations=92 (full 0):
 garbage-first heap   total 87040K, used 74675K [0x00000000e0000000, 0x0000000100000000)
  region size 1024K, 31 young (31744K), 2 survivors (2048K)
 Metaspace       used 103381K, committed 104064K, reserved 1179648K
  class space    used 12721K, committed 13056K, reserved 1048576K
}
Event: 55.817 GC heap after
{Heap after GC invocations=93 (full 0):
 garbage-first heap   total 87040K, used 46612K [0x00000000e0000000, 0x0000000100000000)
  region size 1024K, 4 young (4096K), 4 survivors (4096K)
 Metaspace       used 103381K, committed 104064K, reserved 1179648K
  class space    used 12721K, committed 13056K, reserved 1048576K
}
Event: 56.074 GC heap before
{Heap before GC invocations=93 (full 0):
 garbage-first heap   total 87040K, used 71188K [0x00000000e0000000, 0x0000000100000000)
  region size 1024K, 29 young (29696K), 4 survivors (4096K)
 Metaspace       used 104539K, committed 105216K, reserved 1179648K
  class space    used 12860K, committed 13184K, reserved 1048576K
}
Event: 56.079 GC heap after
{Heap after GC invocations=94 (full 0):
 garbage-first heap   total 87040K, used 46873K [0x00000000e0000000, 0x0000000100000000)
  region size 1024K, 3 young (3072K), 3 survivors (3072K)
 Metaspace       used 104539K, committed 105216K, reserved 1179648K
  class space    used 12860K, committed 13184K, reserved 1048576K
}

